INFO:ipypublish:started ipypublish v0.10.12 at Sun Sep 27 14:37:44 2020
INFO:ipypublish:logging to: /development/projects/statisticallyfit/github/learningmathstat/PythonNeuralNetNLP/src/NeuralNetworkStudy/books/SethWeidman_DeepLearningFromScratch/converted/ch1_phase1.nbpub.log
INFO:ipypublish:running for ipynb(s) at: ch1_phase1.ipynb
INFO:ipypublish:with conversion configuration: latex_ipypublish_main
INFO:nbmerge:Reading notebook
ERROR:traitlets:Notebook JSON is invalid: Additional properties are not allowed ('execution_count' was unexpected)

Failed validating 'additionalProperties' in markdown_cell:

On instance['cells'][1]:
{'cell_type': 'markdown',
 'execution_count': 2,
 'metadata': {'lines_to_next_cell': 0, 'title': 'markdown'},
 'source': 'Defining variable-element matrices $X \\in \\mathbb{R}^{n '
           '\\times m...'}
INFO:ipypublish:finding conversion configuration: latex_ipypublish_main
INFO:ipypublish:loading conversion configuration
INFO:ipypublish:creating exporter
INFO:ipypublish:creating template and loading filters
INFO:ipypublish:creating process configuration
INFO:ipypublish:running nbconvert
INFO:root:splitting outputs into separate cells
INFO:resolve_links:resolving external file paths in ipub metadata to: ch1_phase1.ipynb
INFO:captions:extracting caption cells
