mktextfm Alegreya
mktextfm Alegreya
mktextfm Palatino
mktextfm Palatino
mktextfm Palatino
mktextfm Palatino
mktextfm Palatino
mktextfm Palatino
mktextfm Palatino
mktextfm Palatino/BI
mktextfm Palatino
mktextfm Palatino/B
mktextfm Palatino
mktextfm Palatino/I
mktextfm Palatino
mktextfm Palatino
mktextfm Palatino
mktextfm Palatino
mktextfm Palatino
mktextfm Palatino
mktextfm Palatino/BI
mktextfm Palatino
mktextfm Palatino/B
mktextfm Palatino
mktextfm Palatino/I
mktextfm Palatino
mktextfm Palatino
